20050910234103 2005-Sep-10 23:41:03 22.3 20.4 17.7 60 85 0.0 157.5 N 20.4 0.00 19.68 150.70 1011.200 Steady Cloudy 
20050910235104 2005-Sep-10 23:51:04 22.4 20.2 17.4 59 84 0.0 157.5 N 20.2 0.00 19.68 150.70 1011.200 Steady Cloudy 
20050911000103 2005-Sep-11 00:01:03 22.4 20.2 17.4 61 85 0.0 0.0 N 20.2 0.00 19.68 150.70 1011.100 Steady Cloudy 
20050911001103 2005-Sep-11 00:11:03 22.3 20.1 17.4 61 85 0.8 157.5 N 20.1 0.00 19.68 150.70 1011.200 Steady Cloudy 
20050911002103 2005-Sep-11 00:21:03 22.3 19.8 17.3 60 86 0.9 180.0 N 19.8 0.00 19.68 150.70 1011.200 Steady Cloudy 
20050911003103 2005-Sep-11 00:31:03 22.3 19.6 17.3 60 87 0.0 157.5 N 19.6 0.00 19.68 150.70 1011.100 Steady Cloudy 
20050911004103 2005-Sep-11 00:41:03 22.4 19.5 17.2 60 87 1.8 180.0 N 19.1 0.00 19.68 150.70 1011.000 Steady Cloudy 
20050911005105 2005-Sep-11 00:51:05 22.4 19.4 17.3 61 88 1.4 337.5 N 19.4 0.00 19.68 150.70 1010.900 Steady Cloudy 
20050911010103 2005-Sep-11 01:01:03 22.4 19.3 17.2 61 88 0.3 135.0 N 19.3 0.00 19.68 150.70 1010.800 Steady Cloudy 
20050911011103 2005-Sep-11 01:11:03 22.4 19.1 17.0 61 88 0.0 315.0 N 19.1 0.00 19.68 150.70 1010.800 Steady Cloudy 
20050911012103 2005-Sep-11 01:21:03 22.4 19.1 17.0 60 87 0.0 337.5 N 19.1 0.00 19.68 150.70 1010.700 Steady Cloudy 
20050911013103 2005-Sep-11 01:31:03 22.4 19.1 17.0 61 87 0.0 0.0 N 19.1 0.00 19.68 150.70 1010.800 Steady Cloudy 
20050911014103 2005-Sep-11 01:41:03 22.4 18.9 16.6 61 87 0.0 337.5 N 18.9 0.00 19.68 150.70 1010.800 Steady Cloudy 
20050911015103 2005-Sep-11 01:51:03 22.4 18.9 16.6 61 86 0.0 315.0 N 18.9 0.00 19.68 150.70 1010.700 Steady Cloudy 
20050911020103 2005-Sep-11 02:01:03 22.4 18.9 16.6 61 87 0.0 157.5 N 18.9 0.00 19.68 150.70 1011.000 Steady Cloudy 
20050911021103 2005-Sep-11 02:11:03 22.4 18.9 16.6 61 87 0.0 157.5 N 18.9 0.00 19.68 150.70 1010.900 Steady Cloudy 
20050911022103 2005-Sep-11 02:21:03 22.4 18.9 16.6 61 87 0.0 157.5 N 18.9 0.00 19.68 150.70 1011.000 Steady Cloudy 
20050911023103 2005-Sep-11 02:31:03 22.4 18.9 16.6 62 88 0.0 157.5 N 18.9 0.51 20.20 151.20 1010.900 Steady Cloudy 
20050911024103 2005-Sep-11 02:41:03 22.4 18.9 16.6 62 88 0.0 180.0 N 18.9 0.51 20.20 151.20 1011.100 Steady Cloudy 
20050911025102 2005-Sep-11 02:51:02 22.4 18.8 16.9 62 89 0.0 45.0 N 18.8 0.51 20.20 151.20 1011.000 Steady Cloudy 
20050911030103 2005-Sep-11 03:01:03 22.5 18.8 16.9 60 89 0.0 315.0 N 18.8 0.51 20.20 151.20 1010.900 Steady Cloudy 
20050911031103 2005-Sep-11 03:11:03 22.0 18.9 17.0 57 89 0.0 315.0 N 18.9 0.51 20.20 151.20 1010.700 Steady Cloudy 
20050911032103 2005-Sep-11 03:21:03 21.8 18.9 17.0 58 89 0.0 315.0 N 18.9 0.51 20.20 151.20 1010.600 Steady Cloudy 
20050911033103 2005-Sep-11 03:31:03 22.0 18.9 17.0 59 89 0.0 315.0 N 18.9 0.51 20.20 151.20 1010.700 Steady Cloudy 
20050911034102 2005-Sep-11 03:41:02 22.2 18.9 17.0 59 89 0.0 315.0 N 18.9 0.51 17.61 151.70 1010.800 Steady Cloudy 
20050911035103 2005-Sep-11 03:51:03 22.4 19.0 17.3 59 90 0.0 292.5 N 19.0 0.51 17.61 151.70 1010.700 Steady Cloudy 
20050911040103 2005-Sep-11 04:01:03 22.5 18.9 17.2 59 90 0.0 292.5 N 18.9 0.51 17.61 151.70 1010.700 Steady Cloudy 
20050911041103 2005-Sep-11 04:11:03 22.6 18.9 17.2 59 90 0.0 292.5 N 18.9 0.51 17.61 151.70 1010.600 Steady Cloudy 
20050911042103 2005-Sep-11 04:21:03 22.7 18.9 17.2 59 90 0.0 157.5 N 18.9 0.51 17.61 151.70 1010.400 Steady Cloudy 
20050911043104 2005-Sep-11 04:31:04 22.8 18.8 17.1 59 90 0.0 0.0 N 18.8 0.51 17.61 151.70 1010.300 Steady Cloudy 
20050911044103 2005-Sep-11 04:41:03 22.8 18.8 17.1 59 90 0.0 337.5 N 18.8 0.51 17.61 151.70 1010.400 Steady Cloudy 
20050911045103 2005-Sep-11 04:51:03 22.9 18.8 17.1 59 90 0.0 0.0 N 18.8 0.51 17.61 151.70 1010.300 Steady Cloudy 
20050911050103 2005-Sep-11 05:01:03 22.9 18.8 17.1 59 91 0.0 22.5 N 18.8 0.51 17.61 151.70 1010.400 Steady Cloudy 
20050911051103 2005-Sep-11 05:11:03 23.0 18.8 17.1 59 91 0.0 0.0 N 18.8 0.00 12.95 151.70 1010.300 Steady Cloudy 
20050911052103 2005-Sep-11 05:21:03 22.8 18.9 17.3 56 91 0.0 337.5 N 18.9 0.00 12.95 151.70 1010.400 Steady Cloudy 
20050911053102 2005-Sep-11 05:31:02 22.2 18.9 17.3 54 91 0.0 337.5 N 18.9 0.00 12.95 151.70 1010.300 Steady Cloudy 
20050911054103 2005-Sep-11 05:41:03 21.8 18.9 17.3 53 91 0.0 337.5 N 18.9 0.00 12.95 151.70 1010.400 Steady Cloudy 
20050911055103 2005-Sep-11 05:51:03 21.7 18.8 17.2 54 91 0.0 315.0 N 18.8 0.00 12.95 151.70 1010.100 Steady Cloudy 
20050911060103 2005-Sep-11 06:01:03 21.6 18.8 17.2 56 90 0.0 292.5 N 18.8 0.00 12.95 151.70 1010.300 Steady Cloudy 
20050911061103 2005-Sep-11 06:11:03 21.6 18.8 17.2 57 90 0.0 292.5 N 18.8 0.00 8.80 151.70 1010.300 Steady Cloudy 
20050911062102 2005-Sep-11 06:21:02 21.5 18.8 17.2 57 90 0.0 292.5 N 18.8 0.00 8.80 151.70 1010.300 Steady Cloudy 
20050911063104 2005-Sep-11 06:31:04 21.5 18.8 17.2 58 90 0.0 247.5 N 18.8 0.00 8.80 151.70 1010.300 Steady Cloudy 
20050911064102 2005-Sep-11 06:41:02 21.4 18.6 16.9 57 90 0.0 202.5 N 18.6 0.00 8.80 151.70 1010.500 Steady Cloudy 
20050911065103 2005-Sep-11 06:51:03 21.4 18.6 16.9 58 90 0.0 292.5 N 18.6 0.00 8.80 151.70 1010.500 Steady Cloudy 
20050911070104 2005-Sep-11 07:01:04 21.4 18.6 16.9 58 90 1.0 247.5 N 18.6 0.00 4.66 151.70 1010.400 Steady Cloudy 
20050911071102 2005-Sep-11 07:11:02 21.4 18.7 17.0 58 90 0.0 135.0 N 18.7 0.00 4.66 151.70 1010.300 Steady Cloudy 
20050911072102 2005-Sep-11 07:21:02 21.4 18.8 17.1 59 90 0.0 135.0 N 18.8 0.00 4.66 151.70 1010.500 Steady Cloudy 
20050911073103 2005-Sep-11 07:31:03 21.4 18.8 17.1 58 90 0.0 135.0 N 18.8 0.00 4.66 151.70 1010.500 Steady Cloudy 
20050911074102 2005-Sep-11 07:41:02 21.4 18.8 17.1 59 90 0.0 135.0 N 18.8 0.00 4.66 151.70 1010.500 Steady Cloudy 
20050911075103 2005-Sep-11 07:51:03 21.4 18.8 17.1 58 90 0.0 135.0 N 18.8 0.00 4.66 151.70 1010.800 Steady Cloudy 
20050911080103 2005-Sep-11 08:01:03 21.4 18.9 17.3 58 91 0.0 135.0 N 18.9 0.00 4.66 151.70 1010.900 Steady Cloudy 
20050911081103 2005-Sep-11 08:11:03 21.4 18.9 17.3 59 91 0.0 135.0 N 18.9 0.00 4.66 151.70 1010.800 Steady Cloudy 
20050911082103 2005-Sep-11 08:21:03 21.4 19.0 17.4 59 91 0.0 135.0 N 19.0 0.00 4.66 151.70 1010.900 Steady Cloudy 
20050911083102 2005-Sep-11 08:31:02 21.3 19.2 17.6 59 91 0.0 135.0 N 19.2 0.00 4.66 151.70 1010.800 Steady Cloudy 
20050911084103 2005-Sep-11 08:41:03 21.4 19.3 17.7 59 91 0.0 135.0 N 19.3 0.00 4.66 151.70 1010.900 Steady Cloudy 
20050911085103 2005-Sep-11 08:51:03 21.3 19.5 17.9 58 91 0.0 135.0 N 19.5 0.00 4.66 151.70 1010.900 Steady Cloudy 
20050911090103 2005-Sep-11 09:01:03 21.3 19.6 18.0 58 91 0.0 0.0 N 19.6 0.00 4.66 151.70 1010.900 Steady Cloudy 
20050911091103 2005-Sep-11 09:11:03 21.3 19.8 18.2 59 91 0.0 0.0 N 19.8 0.00 4.66 151.70 1010.900 Steady Cloudy 
20050911092103 2005-Sep-11 09:21:03 21.3 19.8 18.2 59 91 0.0 67.5 N 19.8 0.00 4.66 151.70 1011.000 Steady Cloudy 
20050911093103 2005-Sep-11 09:31:03 21.3 19.8 18.2 60 91 0.0 67.5 N 19.8 0.00 4.66 151.70 1011.000 Steady Cloudy 
20050911094103 2005-Sep-11 09:41:03 21.4 19.9 18.3 59 91 0.0 67.5 N 19.9 0.00 4.66 151.70 1011.200 Steady Cloudy 
20050911095104 2005-Sep-11 09:51:04 21.4 20.0 18.4 59 91 0.0 67.5 N 20.0 0.00 4.66 151.70 1011.300 Steady Cloudy 
20050911100103 2005-Sep-11 10:01:03 21.3 20.2 18.8 59 92 0.0 67.5 N 20.2 0.00 4.66 151.70 1011.200 Steady Cloudy 
20050911101104 2005-Sep-11 10:11:04 21.4 20.5 18.9 60 91 0.0 337.5 N 20.5 0.00 4.66 151.70 1011.300 Steady Cloudy 
20050911102103 2005-Sep-11 10:21:03 21.4 20.9 19.2 60 90 0.0 337.5 N 20.9 0.00 4.66 151.70 1011.200 Steady Cloudy 
20050911103103 2005-Sep-11 10:31:03 21.4 21.1 19.4 60 89 0.0 270.0 N 21.1 0.00 4.66 151.70 1011.400 Steady Cloudy 
20050911104103 2005-Sep-11 10:41:03 21.4 21.3 19.2 60 86 0.0 67.5 N 21.3 0.00 4.66 151.70 1011.300 Steady Cloudy 
20050911105103 2005-Sep-11 10:51:03 21.4 21.3 19.0 60 87 0.0 67.5 N 21.3 0.00 4.66 151.70 1011.300 Steady Cloudy 
20050911110103 2005-Sep-11 11:01:03 21.3 21.4 19.1 59 87 0.0 202.5 N 21.4 0.00 4.66 151.70 1011.400 Steady Cloudy 
20050911111103 2005-Sep-11 11:11:03 21.7 21.8 19.1 60 85 0.0 45.0 N 21.8 0.00 4.66 151.70 1011.500 Steady Cloudy 
20050911112103 2005-Sep-11 11:21:03 21.9 22.1 19.0 61 83 0.0 112.5 N 22.1 0.00 4.66 151.70 1011.500 Steady Cloudy 
20050911113103 2005-Sep-11 11:31:03 22.1 22.4 19.3 62 82 0.0 337.5 N 22.4 0.00 4.66 151.70 1011.400 Steady Cloudy 
20050911114103 2005-Sep-11 11:41:03 22.3 22.6 19.3 63 80 0.0 247.5 N 22.6 0.00 4.66 151.70 1011.400 Steady Cloudy 
20050911115103 2005-Sep-11 11:51:03 22.4 22.8 19.2 63 80 0.0 90.0 N 22.8 0.00 4.66 151.70 1011.500 Steady Cloudy 
20050911120103 2005-Sep-11 12:01:03 22.6 22.5 18.9 64 80 0.0 112.5 N 22.5 0.00 4.66 151.70 1011.500 Steady Cloudy 
20050911121103 2005-Sep-11 12:11:03 22.7 22.6 19.0 64 80 0.5 180.0 N 22.6 0.00 4.66 151.70 1011.600 Steady Cloudy 
20050911123104 2005-Sep-11 12:31:04 23.0 22.8 18.9 65 78 0.0 225.0 N 22.8 0.00 4.66 151.70 1011.700 Steady Cloudy 
20050911124103 2005-Sep-11 12:41:03 23.1 22.8 18.9 65 79 0.0 22.5 N 22.8 0.00 4.66 151.70 1011.600 Steady Cloudy 
20050911125103 2005-Sep-11 12:51:03 23.2 22.8 18.9 65 77 0.0 157.5 N 22.8 0.00 4.66 151.70 1011.300 Steady Cloudy 
20050911130103 2005-Sep-11 13:01:03 23.0 22.7 18.6 60 78 0.0 247.5 N 22.7 0.00 4.66 151.70 1011.300 Steady Cloudy 
20050911132102 2005-Sep-11 13:21:02 22.8 23.5 19.0 54 76 0.0 112.5 N 23.5 0.00 4.66 151.70 1011.400 Steady Cloudy 
20050911133103 2005-Sep-11 13:31:03 22.1 23.3 18.6 53 75 0.0 270.0 N 23.3 0.00 4.66 151.70 1011.500 Steady Cloudy 
20050911134103 2005-Sep-11 13:41:03 21.6 23.3 18.8 53 76 1.2 22.5 N 23.3 0.00 4.66 151.70 1011.300 Steady Cloudy 
20050911135103 2005-Sep-11 13:51:03 21.5 23.1 18.6 54 76 0.0 45.0 N 23.1 0.00 4.66 151.70 1011.500 Steady Cloudy 
20050911140102 2005-Sep-11 14:01:02 21.4 22.8 18.5 55 77 0.0 45.0 N 22.8 0.00 4.66 151.70 1011.500 Steady Cloudy 
20050911141102 2005-Sep-11 14:11:02 21.3 22.8 18.7 57 78 0.0 270.0 N 22.8 0.00 4.66 151.70 1011.600 Steady Cloudy 
20050911142103 2005-Sep-11 14:21:03 21.2 22.8 18.7 54 77 0.7 67.5 N 22.8 0.00 4.66 151.70 1011.600 Steady Cloudy 
20050911143102 2005-Sep-11 14:31:02 21.2 22.6 18.3 58 77 0.0 45.0 N 22.6 0.00 4.66 151.70 1011.600 Steady Cloudy 
20050911144103 2005-Sep-11 14:41:03 21.3 22.4 18.1 59 77 0.0 202.5 N 22.4 0.00 4.66 151.70 1011.700 Steady Cloudy 
20050911145103 2005-Sep-11 14:51:03 21.4 22.2 18.1 59 78 0.0 22.5 N 22.2 0.00 4.66 151.70 1011.600 Steady Cloudy 
20050911150102 2005-Sep-11 15:01:02 21.4 21.9 18.0 59 79 0.0 157.5 N 21.9 0.00 4.14 151.70 1011.600 Steady Cloudy 
20050911151103 2005-Sep-11 15:11:03 21.5 21.6 18.0 59 80 0.0 67.5 N 21.6 0.00 4.14 151.70 1011.700 Steady Cloudy 
20050911152102 2005-Sep-11 15:21:02 21.4 21.6 18.0 58 80 0.0 67.5 N 21.6 0.00 4.14 151.70 1011.700 Steady Cloudy 
20050911153102 2005-Sep-11 15:31:02 21.4 21.4 17.8 57 81 0.0 112.5 N 21.4 0.00 4.14 151.70 1011.700 Steady Cloudy 
20050911154103 2005-Sep-11 15:41:03 21.3 21.2 17.7 56 81 0.0 112.5 N 21.2 0.00 4.14 151.70 1011.600 Steady Cloudy 
20050911155103 2005-Sep-11 15:51:03 21.2 21.1 17.6 55 82 0.0 45.0 N 21.1 0.00 4.14 151.70 1011.800 Steady Cloudy 
20050911160102 2005-Sep-11 16:01:02 21.2 21.1 17.6 55 81 0.0 135.0 N 21.1 0.00 1.03 151.70 1011.800 Steady Cloudy 
20050911161103 2005-Sep-11 16:11:03 21.2 21.1 17.6 57 81 0.0 90.0 N 21.1 0.00 1.03 151.70 1011.800 Steady Cloudy 
20050911162102 2005-Sep-11 16:21:02 21.3 21.3 18.0 58 81 0.0 112.5 N 21.3 0.00 1.03 151.70 1011.800 Steady Cloudy 
20050911163102 2005-Sep-11 16:31:02 21.4 21.5 17.9 58 80 0.0 67.5 N 21.5 0.00 1.03 151.70 1011.800 Steady Cloudy 
20050911164103 2005-Sep-11 16:41:03 21.4 21.5 17.9 57 80 0.0 270.0 N 21.5 0.00 1.03 151.70 1011.800 Steady Cloudy 
20050911165104 2005-Sep-11 16:51:04 21.2 21.3 17.7 56 80 0.0 67.5 N 21.3 0.00 1.03 151.70 1011.800 Steady Cloudy 
20050911170102 2005-Sep-11 17:01:02 21.3 21.2 17.7 57 81 0.0 90.0 N 21.2 0.00 1.03 151.70 1011.700 Steady Cloudy 
20050911171103 2005-Sep-11 17:11:03 21.4 21.1 17.6 58 81 0.0 45.0 N 21.1 0.00 1.03 151.70 1011.600 Steady Cloudy 
20050911172102 2005-Sep-11 17:21:02 21.4 20.9 17.4 59 82 0.0 90.0 N 20.9 0.00 1.03 151.70 1011.700 Steady Cloudy 
20050911173103 2005-Sep-11 17:31:03 21.5 20.6 17.4 59 82 0.0 135.0 N 20.6 0.00 1.03 151.70 1011.700 Steady Cloudy 
20050911174102 2005-Sep-11 17:41:02 21.4 20.5 17.5 59 82 0.0 180.0 N 20.5 0.00 1.03 151.70 1011.700 Steady Cloudy 
20050911175103 2005-Sep-11 17:51:03 21.4 20.3 17.3 59 83 0.0 247.5 N 20.3 0.00 1.03 151.70 1011.800 Steady Cloudy 
20050911180102 2005-Sep-11 18:01:02 21.4 19.9 16.9 58 83 0.0 135.0 N 19.9 0.00 1.03 151.70 1012.000 Steady Cloudy 
20050911181102 2005-Sep-11 18:11:02 21.5 19.9 16.9 60 83 0.0 157.5 N 19.9 0.00 1.03 151.70 1011.900 Steady Cloudy 
20050911182103 2005-Sep-11 18:21:03 21.4 19.8 16.8 60 83 0.0 157.5 N 19.8 0.00 1.03 151.70 1011.900 Steady Cloudy 
20050911183103 2005-Sep-11 18:31:03 21.4 19.7 16.7 60 83 0.0 180.0 N 19.7 0.00 1.03 151.70 1011.800 Steady Cloudy 
20050911184103 2005-Sep-11 18:41:03 21.5 19.8 16.6 60 81 0.0 157.5 N 19.8 0.00 1.03 151.70 1012.000 Steady Cloudy 
20050911185103 2005-Sep-11 18:51:03 21.5 19.8 16.6 60 80 0.0 22.5 N 19.8 0.00 1.03 151.70 1012.000 Steady Cloudy 
20050911190103 2005-Sep-11 19:01:03 21.5 19.8 16.6 60 80 0.0 180.0 N 19.8 0.00 1.03 151.70 1012.000 Steady Cloudy 
20050911191102 2005-Sep-11 19:11:02 21.6 19.5 15.7 60 80 0.0 135.0 N 19.5 0.00 1.03 151.70 1012.000 Steady Cloudy 
20050911192103 2005-Sep-11 19:21:03 21.6 19.3 15.8 61 80 0.0 135.0 N 19.3 0.00 1.03 151.70 1012.100 Steady Cloudy 
20050911193103 2005-Sep-11 19:31:03 21.5 19.2 15.7 60 80 0.0 45.0 N 19.2 0.00 1.03 151.70 1012.200 Steady Cloudy 
20050911194103 2005-Sep-11 19:41:03 21.6 19.1 15.6 61 80 0.0 180.0 N 19.1 0.00 1.03 151.70 1012.200 Steady Cloudy 
20050911195103 2005-Sep-11 19:51:03 21.6 18.9 15.4 61 80 0.0 180.0 N 18.9 0.00 1.03 151.70 1012.500 Steady Cloudy 
20050911200103 2005-Sep-11 20:01:03 21.6 18.8 15.3 61 81 0.0 157.5 N 18.8 0.00 1.03 151.70 1012.600 Steady Cloudy 
20050911201103 2005-Sep-11 20:11:03 21.6 18.8 15.3 60 80 0.0 157.5 N 18.8 0.00 1.03 151.70 1012.800 Steady Cloudy 
20050911202103 2005-Sep-11 20:21:03 21.6 18.8 15.3 61 80 1.8 45.0 N 18.4 0.00 1.03 151.70 1012.900 Steady Cloudy 
20050911203103 2005-Sep-11 20:31:03 21.5 18.8 15.3 60 80 0.0 337.5 N 18.8 0.00 1.03 151.70 1013.100 Steady Cloudy 
20050911204103 2005-Sep-11 20:41:03 21.4 18.6 15.2 59 81 0.0 157.5 N 18.6 0.00 1.03 151.70 1013.200 Steady Cloudy 
20050911205102 2005-Sep-11 20:51:02 21.5 18.6 15.2 61 80 0.0 112.5 N 18.6 0.00 1.03 151.70 1013.200 Steady Cloudy 
20050911210104 2005-Sep-11 21:01:04 21.5 18.5 15.0 60 80 0.0 180.0 N 18.5 0.00 1.03 151.70 1013.300 Steady Cloudy 
20050911211103 2005-Sep-11 21:11:03 21.6 18.4 14.9 60 81 0.0 112.5 N 18.4 0.00 1.03 151.70 1013.500 Rising Sunny 
20050911212103 2005-Sep-11 21:21:03 21.6 18.5 15.1 61 81 0.0 112.5 N 18.5 0.00 1.03 151.70 1013.500 Rising Sunny 
20050911213104 2005-Sep-11 21:31:04 21.6 18.5 15.1 61 81 0.0 90.0 N 18.5 0.00 1.03 151.70 1013.500 Rising Sunny 
20050911214103 2005-Sep-11 21:41:03 21.6 18.5 15.1 61 82 0.0 180.0 N 18.5 0.00 1.03 151.70 1013.500 Rising Sunny 
20050911215103 2005-Sep-11 21:51:03 21.6 18.5 15.1 61 82 0.0 112.5 N 18.5 0.00 1.03 151.70 1013.500 Rising Sunny 
20050911220103 2005-Sep-11 22:01:03 21.6 18.5 15.1 61 82 0.0 157.5 N 18.5 0.00 1.03 151.70 1013.700 Rising Sunny 
20050911221103 2005-Sep-11 22:11:03 21.6 18.5 15.1 61 83 0.0 180.0 N 18.5 0.00 1.03 151.70 1013.700 Rising Sunny 
20050911222103 2005-Sep-11 22:21:03 21.6 18.4 15.4 61 83 0.0 202.5 N 18.4 0.00 1.03 151.70 1013.600 Rising Sunny 
20050911223103 2005-Sep-11 22:31:03 21.6 18.5 15.3 61 82 0.0 112.5 N 18.5 0.00 1.03 151.70 1013.600 Rising Sunny 
20050911224103 2005-Sep-11 22:41:03 21.6 18.5 15.3 62 81 0.0 247.5 N 18.5 0.00 1.03 151.70 1013.600 Rising Sunny 
20050911225103 2005-Sep-11 22:51:03 21.6 18.6 15.2 62 81 0.0 112.5 N 18.6 0.00 1.03 151.70 1013.500 Rising Sunny 
20050911230103 2005-Sep-11 23:01:03 21.6 18.6 15.2 61 81 0.0 202.5 N 18.6 0.00 1.03 151.70 1013.500 Rising Sunny 
20050911231103 2005-Sep-11 23:11:03 21.6 18.6 15.2 62 82 0.0 337.5 N 18.6 0.00 1.03 151.70 1013.500 Rising Sunny 
20050911232103 2005-Sep-11 23:21:03 21.6 18.5 15.3 61 82 0.5 157.5 N 18.5 0.00 1.03 151.70 1013.600 Rising Sunny 
20050911233103 2005-Sep-11 23:31:03 21.6 18.3 15.3 63 83 0.0 180.0 N 18.3 0.00 1.03 151.70 1013.700 Rising Sunny 
20050911234103 2005-Sep-11 23:41:03 21.5 18.3 15.3 61 83 0.0 135.0 N 18.3 0.00 1.03 151.70 1013.900 Rising Sunny 
20050911235103 2005-Sep-11 23:51:03 21.6 18.2 15.2 62 83 0.0 157.5 N 18.2 0.00 1.03 151.70 1014.000 Rising Sunny 
20050912000104 2005-Sep-12 00:01:04 21.6 18.1 15.1 62 84 0.0 157.5 N 18.1 0.00 1.03 151.70 1014.100 Rising Sunny 
20050912001102 2005-Sep-12 00:11:02 21.6 18.0 15.2 61 84 0.0 135.0 N 18.0 0.00 1.03 151.70 1014.100 Rising Sunny 
20050912002103 2005-Sep-12 00:21:03 21.6 17.7 15.3 62 86 0.0 180.0 N 17.7 0.00 1.03 151.70 1014.200 Rising Sunny 
20050912003102 2005-Sep-12 00:31:02 21.5 17.6 15.2 61 86 0.0 157.5 N 17.6 0.00 1.03 151.70 1014.100 Rising Sunny 
20050912004103 2005-Sep-12 00:41:03 21.6 17.5 15.1 62 86 1.2 292.5 N 17.5 0.00 1.03 151.70 1014.200 Rising Sunny 
20050912005104 2005-Sep-12 00:51:04 21.5 17.6 15.2 61 86 0.0 225.0 N 17.6 0.00 1.03 151.70 1014.100 Rising Sunny 
20050912010103 2005-Sep-12 01:01:03 21.6 17.5 15.1 62 86 0.0 45.0 N 17.5 0.00 1.03 151.70 1014.200 Rising Sunny 
20050912011103 2005-Sep-12 01:11:03 21.6 17.4 15.0 62 86 0.0 135.0 N 17.4 0.00 1.03 151.70 1014.200 Rising Sunny 
20050912012103 2005-Sep-12 01:21:03 21.5 17.4 15.0 62 86 0.0 180.0 N 17.4 0.00 1.03 151.70 1014.200 Rising Sunny 
20050912013103 2005-Sep-12 01:31:03 21.6 17.4 15.0 62 87 0.0 202.5 N 17.4 0.00 1.03 151.70 1014.200 Rising Sunny 
20050912085103 2005-Sep-12 08:51:03 22.7 17.8 14.3 61 79 0.0 202.5 N 17.8 0.00 0.00 151.70 1017.100 Rising Sunny 
20050912090103 2005-Sep-12 09:01:03 22.7 17.8 14.1 61 78 0.0 157.5 N 17.8 0.00 0.00 151.70 1017.300 Rising Sunny 
20050912091103 2005-Sep-12 09:11:03 22.7 17.9 14.0 61 78 0.0 45.0 N 17.9 0.00 0.00 151.70 1017.400 Rising Sunny 
20050912092102 2005-Sep-12 09:21:02 22.7 18.0 13.9 61 77 0.0 90.0 N 18.0 0.00 0.00 151.70 1017.500 Rising Sunny 
20050912093103 2005-Sep-12 09:31:03 22.8 18.0 13.9 61 77 0.0 112.5 N 18.0 0.00 0.00 151.70 1017.600 Rising Sunny 
20050912094103 2005-Sep-12 09:41:03 22.8 17.9 13.8 61 77 0.0 90.0 N 17.9 0.00 0.00 151.70 1017.800 Rising Sunny 
20050912095103 2005-Sep-12 09:51:03 22.8 17.9 13.8 61 76 0.0 112.5 N 17.9 0.00 0.00 151.70 1018.000 Rising Sunny 
20050912100105 2005-Sep-12 10:01:05 22.8 18.0 13.7 60 75 0.0 67.5 N 18.0 0.00 0.00 151.70 1018.200 Rising Sunny 
20050912101103 2005-Sep-12 10:11:03 22.8 18.1 13.5 60 75 0.0 67.5 N 18.1 0.00 0.00 151.70 1018.200 Rising Sunny 
20050912102103 2005-Sep-12 10:21:03 22.8 18.3 13.5 60 74 0.0 135.0 N 18.3 0.00 0.00 151.70 1018.300 Rising Sunny 
20050912103103 2005-Sep-12 10:31:03 22.9 18.6 13.6 60 72 0.0 292.5 N 18.6 0.00 0.00 151.70 1018.600 Rising Sunny 
20050912104103 2005-Sep-12 10:41:03 23.0 18.6 13.6 60 73 0.0 180.0 N 18.6 0.00 0.00 151.70 1018.700 Rising Sunny 
20050912105103 2005-Sep-12 10:51:03 23.0 18.9 13.7 60 71 0.0 157.5 N 18.9 0.00 0.00 151.70 1018.700 Rising Sunny 
20050912110103 2005-Sep-12 11:01:03 23.0 19.1 13.7 60 71 0.0 157.5 N 19.1 0.00 0.00 151.70 1018.800 Rising Sunny 
20050912111103 2005-Sep-12 11:11:03 23.1 19.4 13.5 59 68 0.0 67.5 N 19.4 0.00 0.00 151.70 1018.900 Rising Sunny 
20050912112103 2005-Sep-12 11:21:03 23.2 19.5 13.4 59 68 0.0 112.5 N 19.5 0.00 0.00 151.70 1018.900 Rising Sunny 
20050912113104 2005-Sep-12 11:31:04 23.2 19.8 13.4 59 67 0.0 135.0 N 19.8 0.00 0.00 151.70 1019.100 Rising Sunny 
20050912114103 2005-Sep-12 11:41:03 23.2 19.9 13.5 59 66 0.8 157.5 N 19.9 0.00 0.00 151.70 1019.100 Rising Sunny 
20050912115103 2005-Sep-12 11:51:03 23.2 19.6 13.5 59 68 0.0 45.0 N 19.6 0.00 0.00 151.70 1019.200 Rising Sunny 
20050912120103 2005-Sep-12 12:01:03 23.2 19.6 13.5 59 68 0.0 112.5 N 19.6 0.00 0.00 151.70 1019.200 Rising Sunny 
20050912122104 2005-Sep-12 12:11:04 23.3 19.6 13.7 59 69 0.3 180.0 N 19.6 0.00 0.00 151.70 1019.400 Rising Sunny 
20050912122104 2005-Sep-12 12:21:04 23.3 19.6 13.7 59 69 0.3 180.0 N 19.6 0.00 0.00 151.70 1019.500 Rising Sunny 
20050912123103 2005-Sep-12 12:31:03 23.3 19.5 13.9 59 70 0.0 135.0 N 19.5 0.00 0.00 151.70 1019.600 Rising Sunny 
20050912124103 2005-Sep-12 12:41:03 23.3 19.3 14.1 59 72 0.0 180.0 N 19.3 0.00 0.00 151.70 1019.700 Rising Sunny 
20050912125103 2005-Sep-12 12:51:03 23.3 19.3 14.1 59 73 0.0 270.0 N 19.3 0.00 0.00 151.70 1019.700 Rising Sunny 
20050912130103 2005-Sep-12 13:01:03 23.3 19.2 14.2 59 73 0.0 202.5 N 19.2 0.00 0.00 151.70 1019.800 Rising Sunny 
20050912131103 2005-Sep-12 13:11:03 23.3 19.9 14.7 59 72 0.0 90.0 N 19.9 0.00 0.00 151.70 1019.800 Rising Sunny 
20050912132108 2005-Sep-12 13:21:08 23.4 21.0 14.8 59 68 0.0 67.5 N 21.0 0.00 0.00 151.70 1019.800 Rising Sunny 
20050912133104 2005-Sep-12 13:31:04 23.4 20.6 14.4 59 68 0.0 180.0 N 20.6 0.00 0.00 151.70 1019.900 Rising Sunny 
20050912134103 2005-Sep-12 13:41:03 23.4 19.8 14.4 58 71 0.2 337.5 N 19.8 0.00 0.00 151.70 1020.100 Rising Sunny 
20050912135103 2005-Sep-12 13:51:03 23.4 20.4 14.7 59 70 0.0 157.5 N 20.4 0.00 0.00 151.70 1020.100 Rising Sunny 
20050912140103 2005-Sep-12 14:01:03 23.4 21.8 13.7 58 60 0.3 45.0 N 21.8 0.00 0.00 151.70 1020.200 Rising Sunny 
20050912141103 2005-Sep-12 14:11:03 23.4 22.3 13.6 58 58 0.0 22.5 N 22.3 0.00 0.00 151.70 1020.300 Rising Sunny 
20050912142103 2005-Sep-12 14:21:03 23.4 21.8 13.1 58 58 0.0 135.0 N 21.8 0.00 0.00 151.70 1020.400 Rising Sunny 
20050912143103 2005-Sep-12 14:31:03 23.5 22.2 13.2 58 57 0.0 45.0 N 22.2 0.00 0.00 151.70 1020.400 Rising Sunny 
20050912144103 2005-Sep-12 14:41:03 23.5 22.8 12.3 58 52 0.0 157.5 N 22.8 0.00 0.00 151.70 1020.600 Rising Sunny 
20050912145103 2005-Sep-12 14:51:03 23.5 22.9 12.7 58 53 0.0 22.5 N 22.9 0.00 0.00 151.70 1020.500 Rising Sunny 
20050912150103 2005-Sep-12 15:01:03 23.5 23.5 12.5 57 50 1.2 135.0 N 23.5 0.00 0.00 151.70 1020.500 Rising Sunny 
20050912151103 2005-Sep-12 15:11:03 23.5 23.2 12.7 57 52 0.0 292.5 N 23.2 0.00 0.00 151.70 1020.600 Rising Sunny 
20050912152103 2005-Sep-12 15:21:03 23.6 23.5 12.7 57 50 0.0 180.0 N 23.5 0.00 0.00 151.70 1020.700 Rising Sunny 
20050912153103 2005-Sep-12 15:31:03 23.6 23.9 12.9 57 50 0.0 247.5 N 23.9 0.00 0.00 151.70 1020.600 Rising Sunny 
20050912154103 2005-Sep-12 15:41:03 23.6 22.8 11.8 57 51 0.0 45.0 N 22.8 0.00 0.00 151.70 1020.700 Rising Sunny 
20050912155102 2005-Sep-12 15:51:02 23.6 23.1 12.3 57 51 0.0 247.5 N 23.1 0.00 0.00 151.70 1020.800 Rising Sunny 
20050912160104 2005-Sep-12 16:01:04 23.6 23.6 12.2 56 46 0.0 247.5 N 23.6 0.00 0.00 151.70 1020.800 Rising Sunny 
20050912161103 2005-Sep-12 16:11:03 23.7 23.4 12.0 56 49 0.0 247.5 N 23.4 0.00 0.00 151.70 1020.800 Rising Sunny 
20050912162103 2005-Sep-12 16:21:03 23.7 23.1 11.7 56 49 0.0 247.5 N 23.1 0.00 0.00 151.70 1021.000 Rising Sunny 
20050912163103 2005-Sep-12 16:31:03 23.7 22.8 11.4 56 49 0.0 247.5 N 22.8 0.00 0.00 151.70 1021.000 Rising Sunny 
20050912164104 2005-Sep-12 16:41:04 23.7 22.9 11.5 56 49 0.0 247.5 N 22.9 0.00 0.00 151.70 1020.900 Rising Sunny 
20050912165103 2005-Sep-12 16:51:03 23.7 22.8 11.8 56 50 0.0 247.5 N 22.8 0.00 0.00 151.70 1021.100 Rising Sunny 
20050912171105 2005-Sep-12 17:11:05 23.8 21.8 11.2 55 51 0.0 157.5 N 21.8 0.00 0.00 151.70 1021.100 Rising Sunny 
20050912172103 2005-Sep-12 17:21:03 23.8 21.8 11.4 55 52 0.0 247.5 N 21.8 0.00 0.00 151.70 1021.000 Rising Sunny 
20050912173103 2005-Sep-12 17:31:03 23.8 21.3 11.3 55 53 0.9 247.5 N 21.3 0.00 0.00 151.70 1021.100 Rising Sunny 
20050912174102 2005-Sep-12 17:41:02 23.9 21.3 11.3 55 52 0.0 67.5 N 21.3 0.00 0.00 151.70 1021.200 Rising Sunny 
20050912180103 2005-Sep-12 18:01:03 23.9 20.8 10.8 55 54 1.0 112.5 N 20.8 0.00 0.00 151.70 1021.500 Rising Sunny 
20050912181103 2005-Sep-12 18:11:03 23.9 20.8 10.8 55 56 0.0 112.5 N 20.8 0.00 0.00 151.70 1021.500 Rising Sunny 
20050912182102 2005-Sep-12 18:21:02 23.9 20.4 12.6 55 61 0.0 112.5 N 20.4 0.00 0.00 151.70 1021.400 Rising Sunny 
20050912183103 2005-Sep-12 18:31:03 23.6 20.1 12.8 53 64 1.2 135.0 N 20.1 0.00 0.00 151.70 1021.400 Rising Sunny 
20050912185103 2005-Sep-12 18:51:03 23.3 19.8 13.2 53 66 0.2 157.5 N 19.8 0.00 0.00 151.70 1021.600 Rising Sunny 
20050912190102 2005-Sep-12 19:01:02 23.1 19.8 13.2 52 66 0.0 202.5 N 19.8 0.00 0.00 151.70 1021.600 Rising Sunny 
20050912191102 2005-Sep-12 19:11:02 22.8 19.6 13.0 52 66 0.0 157.5 N 19.6 0.00 0.00 151.70 1021.800 Rising Sunny 
20050912192103 2005-Sep-12 19:21:03 22.6 19.6 13.2 52 66 0.0 157.5 N 19.6 0.00 0.00 151.70 1021.800 Rising Sunny 
20050912193103 2005-Sep-12 19:31:03 22.4 19.6 13.2 52 67 0.0 180.0 N 19.6 0.00 0.00 151.70 1021.900 Rising Sunny 
20050912195103 2005-Sep-12 19:51:03 22.0 19.1 12.8 51 67 0.0 157.5 N 19.1 0.00 0.00 151.70 1022.300 Rising Sunny 
20050912200103 2005-Sep-12 20:01:03 21.8 18.8 12.7 51 68 0.0 202.5 N 18.8 0.00 0.00 151.70 1022.400 Rising Sunny 
20050912201102 2005-Sep-12 20:11:02 21.8 18.5 12.9 52 70 0.0 270.0 N 18.5 0.00 0.00 151.70 1022.600 Rising Sunny 
20050912202103 2005-Sep-12 20:21:03 21.8 18.2 13.0 52 72 0.0 180.0 N 18.2 0.00 0.00 151.70 1022.700 Rising Sunny 
20050912203102 2005-Sep-12 20:31:02 21.8 18.1 12.9 53 72 0.0 112.5 N 18.1 0.00 0.00 151.70 1022.800 Rising Sunny 
20050912204103 2005-Sep-12 20:41:03 21.6 17.8 12.9 52 73 0.0 180.0 N 17.8 0.00 0.00 151.70 1022.800 Rising Sunny 
20050912205103 2005-Sep-12 20:51:03 21.7 17.6 12.9 54 74 0.0 180.0 N 17.6 0.00 0.00 151.70 1023.200 Rising Sunny 
20050912210103 2005-Sep-12 21:01:03 21.6 17.4 12.7 53 75 0.0 180.0 N 17.4 0.00 0.00 151.70 1023.200 Rising Sunny 
20050912211103 2005-Sep-12 21:11:03 21.6 17.4 12.7 53 75 0.0 180.0 N 17.4 0.00 0.00 151.70 1023.300 Rising Sunny 
20050912212102 2005-Sep-12 21:21:02 21.6 17.2 12.7 52 75 0.0 180.0 N 17.2 0.00 0.00 151.70 1023.600 Rising Sunny 
20050912213103 2005-Sep-12 21:31:03 21.6 17.1 12.6 52 75 0.0 180.0 N 17.1 0.00 0.00 151.70 1023.700 Rising Sunny 
20050912214103 2005-Sep-12 21:41:03 21.6 17.1 12.6 53 75 0.0 180.0 N 17.1 0.00 0.00 151.70 1023.600 Rising Sunny 
20050912215104 2005-Sep-12 21:51:04 21.6 17.0 12.5 53 75 0.0 180.0 N 17.0 0.00 0.00 151.70 1023.700 Rising Sunny 
20050912220103 2005-Sep-12 22:01:03 21.6 17.1 12.6 53 75 0.0 180.0 N 17.1 0.00 0.00 151.70 1023.800 Rising Sunny 
20050912221104 2005-Sep-12 22:11:04 21.6 17.1 12.6 54 75 0.0 180.0 N 17.1 0.00 0.00 151.70 1024.000 Rising Sunny 
20050912224103 2005-Sep-12 22:41:03 21.6 16.6 12.3 54 77 0.0 180.0 N 16.6 0.00 0.00 151.70 1024.400 Rising Sunny 
20050912225007 2005-Sep-12 22:50:07 21.6 16.6 12.3 55 77 0.0 180.0 N 16.6 0.00 0.00 151.70 1024.300 Rising Sunny 
20050912230008 2005-Sep-12 23:00:08 21.6 16.6 12.3 54 76 0.0 180.0 N 16.6 0.00 0.00 151.70 1024.500 Rising Sunny 
20050912231006 2005-Sep-12 23:10:06 21.6 16.6 12.3 56 76 0.0 180.0 N 16.6 0.00 0.00 151.70 1024.500 Rising Sunny 
20050912232006 2005-Sep-12 23:20:06 21.6 16.4 12.3 55 77 0.0 180.0 N 16.4 0.00 0.00 151.70 1024.700 Rising Sunny 
20050912233004 2005-Sep-12 23:30:04 21.6 16.3 12.2 56 77 0.0 180.0 N 16.3 0.00 0.00 151.70 1024.700 Rising Sunny 
20050912234005 2005-Sep-12 23:40:05 21.5 16.2 12.1 56 77 0.0 180.0 N 16.2 0.00 0.00 151.70 1024.700 Rising Sunny 
20050912235005 2005-Sep-12 23:50:05 21.5 16.2 12.1 56 77 0.0 180.0 N 16.2 0.00 0.00 151.70 1024.700 Rising Sunny 
20050913000007 2005-Sep-13 00:00:07 21.5 16.2 12.1 56 77 0.0 180.0 N 16.2 0.00 0.00 151.70 1024.800 Rising Sunny 
20050913001005 2005-Sep-13 00:10:05 21.6 16.2 12.1 57 77 0.0 180.0 N 16.2 0.00 0.00 151.70 1024.800 Rising Sunny 
20050913002005 2005-Sep-13 00:20:05 21.6 16.2 12.1 57 77 0.0 180.0 N 16.2 0.00 0.00 151.70 1024.800 Rising Sunny 
20050913003006 2005-Sep-13 00:30:06 21.6 16.1 11.8 57 77 0.0 180.0 N 16.1 0.00 0.00 151.70 1024.800 Rising Sunny 
20050913004006 2005-Sep-13 00:40:06 21.6 15.9 11.9 57 77 0.0 180.0 N 15.9 0.00 0.00 151.70 1024.800 Rising Sunny 
20050913005005 2005-Sep-13 00:50:05 21.6 15.8 12.0 57 77 0.0 180.0 N 15.8 0.00 0.00 151.70 1024.900 Rising Sunny 
20050913010007 2005-Sep-13 01:00:07 21.5 15.8 12.0 57 78 0.0 180.0 N 15.8 0.00 0.00 151.70 1025.000 Rising Sunny 
20050913011006 2005-Sep-13 01:10:06 21.5 15.6 11.8 56 78 0.0 180.0 N 15.6 0.00 0.00 151.70 1025.100 Rising Sunny 
20050913012004 2005-Sep-13 01:20:04 21.5 15.5 11.7 58 78 0.0 180.0 N 15.5 0.00 0.00 151.70 1025.000 Rising Sunny 
20050913013006 2005-Sep-13 01:30:06 21.5 15.4 11.8 57 79 0.0 180.0 N 15.4 0.00 0.00 151.70 1025.000 Rising Sunny 
20050913014005 2005-Sep-13 01:40:05 21.6 15.4 11.8 58 78 0.0 180.0 N 15.4 0.00 0.00 151.70 1025.000 Rising Sunny 
20050913015007 2005-Sep-13 01:50:07 21.5 15.3 11.7 56 79 0.0 180.0 N 15.3 0.00 0.00 151.70 1024.900 Rising Sunny 
20050913020005 2005-Sep-13 02:00:05 20.8 15.1 11.5 54 79 0.0 180.0 N 15.1 0.00 0.00 151.70 1025.000 Rising Sunny 
20050913021005 2005-Sep-13 02:10:05 20.4 15.0 11.4 54 79 0.0 180.0 N 15.0 0.00 0.00 151.70 1025.000 Rising Sunny 
20050913022004 2005-Sep-13 02:20:04 20.8 15.0 11.4 55 80 0.0 180.0 N 15.0 0.00 0.00 151.70 1025.000 Rising Sunny 
20050913023007 2005-Sep-13 02:30:07 21.2 15.0 11.4 56 80 0.0 180.0 N 15.0 0.00 0.00 151.70 1025.100 Rising Sunny 
20050913024006 2005-Sep-13 02:40:06 21.4 14.8 11.5 56 81 0.0 180.0 N 14.8 0.00 0.00 151.70 1025.100 Rising Sunny 
20050913025004 2005-Sep-13 02:50:04 21.6 14.8 11.5 56 81 0.0 180.0 N 14.8 0.00 0.00 151.70 1025.200 Rising Sunny 
20050913030006 2005-Sep-13 03:00:06 21.7 14.6 11.3 57 81 0.0 180.0 N 14.6 0.00 0.00 151.70 1025.000 Rising Sunny 
20050913031005 2005-Sep-13 03:10:05 21.4 14.6 11.3 55 80 0.0 180.0 N 14.6 0.00 0.00 151.70 1025.000 Rising Sunny 
20050913032006 2005-Sep-13 03:20:06 21.0 14.4 11.1 53 81 0.0 180.0 N 14.4 0.00 0.00 151.70 1025.100 Rising Sunny 
20050913033005 2005-Sep-13 03:30:05 20.9 14.4 11.1 55 81 0.0 180.0 N 14.4 0.00 0.00 151.70 1025.100 Rising Sunny 
20050913034006 2005-Sep-13 03:40:06 20.8 14.3 11.0 55 81 0.0 180.0 N 14.3 0.00 0.00 151.70 1025.100 Rising Sunny 
20050913035005 2005-Sep-13 03:50:05 20.8 14.1 11.0 54 82 0.0 180.0 N 14.1 0.00 0.00 151.70 1025.200 Rising Sunny 
20050913040004 2005-Sep-13 04:00:04 20.8 14.1 11.0 56 83 0.0 180.0 N 14.1 0.00 0.00 151.70 1025.300 Rising Sunny 
20050913041004 2005-Sep-13 04:10:04 21.0 14.1 11.0 56 82 0.0 180.0 N 14.1 0.00 0.00 151.70 1025.400 Rising Sunny 
20050913042007 2005-Sep-13 04:20:07 21.2 14.1 11.0 56 82 0.0 180.0 N 14.1 0.00 0.00 151.70 1025.300 Rising Sunny 
20050913043011 2005-Sep-13 04:30:11 21.3 14.0 10.9 56 82 0.0 180.0 N 14.0 0.00 0.00 151.70 1025.500 Rising Sunny 
20050913044007 2005-Sep-13 04:40:07 21.4 13.9 10.8 56 82 0.0 180.0 N 13.9 0.00 0.00 151.70 1025.400 Rising Sunny 
20050913045005 2005-Sep-13 04:50:05 21.5 13.9 10.8 56 82 0.0 180.0 N 13.9 0.00 0.00 151.70 1025.500 Rising Sunny 
20050913050007 2005-Sep-13 05:00:07 21.6 13.8 10.7 56 83 0.0 180.0 N 13.8 0.00 0.00 151.70 1025.500 Rising Sunny 
20050913051005 2005-Sep-13 05:10:05 21.7 13.8 10.7 56 83 0.0 180.0 N 13.8 0.00 0.00 151.70 1025.300 Rising Sunny 
20050913052006 2005-Sep-13 05:20:06 21.8 13.8 10.7 57 82 0.0 180.0 N 13.8 0.00 0.00 151.70 1025.300 Rising Sunny 
20050913053005 2005-Sep-13 05:30:05 21.8 13.8 10.7 57 82 0.0 180.0 N 13.8 0.00 0.00 151.70 1025.300 Rising Sunny 
20050913054006 2005-Sep-13 05:40:06 21.8 13.8 10.7 57 83 0.0 180.0 N 13.8 0.00 0.00 151.70 1025.400 Rising Sunny 
20050913055006 2005-Sep-13 05:50:06 21.9 13.7 10.8 57 83 0.0 180.0 N 13.7 0.00 0.00 151.70 1025.500 Rising Sunny 
20050913060008 2005-Sep-13 06:00:08 22.0 13.6 10.9 57 84 0.0 180.0 N 13.6 0.00 0.00 151.70 1025.500 Rising Sunny 
20050913061006 2005-Sep-13 06:10:06 22.0 13.7 11.2 57 85 0.0 180.0 N 13.7 0.00 0.00 151.70 1025.500 Rising Sunny 
20050913062005 2005-Sep-13 06:20:05 22.0 13.7 11.2 57 84 0.0 180.0 N 13.7 0.00 0.00 151.70 1025.400 Rising Sunny 
20050913063006 2005-Sep-13 06:30:06 22.0 13.6 10.9 57 84 0.0 180.0 N 13.6 0.00 0.00 151.70 1025.500 Rising Sunny 
20050913064005 2005-Sep-13 06:40:05 22.0 13.5 10.8 57 84 0.0 180.0 N 13.5 0.00 0.00 151.70 1025.500 Rising Sunny 
20050913065005 2005-Sep-13 06:50:05 22.1 13.4 10.5 57 83 0.0 180.0 N 13.4 0.00 0.00 151.70 1025.500 Rising Sunny 
20050913070005 2005-Sep-13 07:00:05 22.1 13.4 10.5 57 84 0.0 180.0 N 13.4 0.00 0.00 151.70 1025.600 Rising Sunny 
20050913071005 2005-Sep-13 07:10:05 22.2 13.5 10.8 57 84 0.0 180.0 N 13.5 0.00 0.00 151.70 1025.700 Rising Sunny 
20050913072006 2005-Sep-13 07:20:06 22.2 13.6 11.1 57 85 0.0 180.0 N 13.6 0.00 0.00 151.70 1025.600 Rising Sunny 
20050913073005 2005-Sep-13 07:30:05 22.2 13.7 11.2 57 85 0.0 180.0 N 13.7 0.00 0.00 151.70 1025.600 Rising Sunny 
20050913074005 2005-Sep-13 07:40:05 22.2 13.7 11.2 57 85 0.0 180.0 N 13.7 0.00 0.00 151.70 1025.600 Rising Sunny 
20050913075005 2005-Sep-13 07:50:05 22.3 13.8 11.3 57 85 0.0 180.0 N 13.8 0.00 0.00 151.70 1025.600 Rising Sunny 
20050913080005 2005-Sep-13 08:00:05 22.3 13.9 11.5 57 86 0.0 180.0 N 13.9 0.00 0.00 151.70 1025.800 Rising Sunny 
20050913081005 2005-Sep-13 08:10:05 22.3 13.9 11.5 57 86 0.0 180.0 N 13.9 0.00 0.00 151.70 1025.800 Rising Sunny 
20050913082006 2005-Sep-13 08:20:06 22.4 14.0 11.6 57 86 0.0 180.0 N 14.0 0.00 0.00 151.70 1026.100 Rising Sunny 
20050913083005 2005-Sep-13 08:30:05 22.4 14.2 11.8 57 86 0.0 180.0 N 14.2 0.00 0.00 151.70 1026.200 Rising Sunny 
20050913084006 2005-Sep-13 08:40:06 22.4 14.4 12.2 57 87 0.0 180.0 N 14.4 0.00 0.00 151.70 1026.200 Rising Sunny 
20050913085006 2005-Sep-13 08:50:06 22.4 14.6 12.4 57 87 0.0 180.0 N 14.6 0.00 0.00 151.70 1026.200 Rising Sunny 
20050913090008 2005-Sep-13 09:00:08 22.4 15.0 12.8 57 87 0.0 180.0 N 15.0 0.00 0.00 151.70 1026.300 Rising Sunny 
20050913091005 2005-Sep-13 09:10:05 22.5 15.5 13.3 57 87 0.0 180.0 N 15.5 0.00 0.00 151.70 1026.300 Rising Sunny 
20050913092005 2005-Sep-13 09:20:05 22.5 15.8 13.3 57 85 0.0 112.5 N 15.8 0.00 0.00 151.70 1026.600 Rising Sunny 
20050913093006 2005-Sep-13 09:30:06 22.5 16.2 13.3 57 83 0.0 112.5 N 16.2 0.00 0.00 151.70 1026.700 Rising Sunny 
20050913094006 2005-Sep-13 09:40:06 22.5 16.4 13.1 57 81 0.0 157.5 N 16.4 0.00 0.00 151.70 1026.700 Rising Sunny 
20050913095006 2005-Sep-13 09:50:06 22.6 16.6 13.3 57 81 0.0 180.0 N 16.6 0.00 0.00 151.70 1026.400 Rising Sunny 
20050913100007 2005-Sep-13 10:00:07 22.6 16.8 13.5 57 81 0.0 67.5 N 16.8 0.00 0.00 151.70 1026.400 Rising Sunny 
20050913101006 2005-Sep-13 10:10:06 22.6 17.1 13.6 57 80 0.0 157.5 N 17.1 0.00 0.00 151.70 1026.500 Rising Sunny 
20050913102006 2005-Sep-13 10:20:06 22.7 17.3 13.6 57 79 0.0 315.0 N 17.3 0.00 0.00 151.70 1026.800 Rising Sunny 
